<?xml version="1.0" encoding="UTF-8"?>
<testng-results ignored="0" total="1" passed="1" failed="0" skipped="0">
  <reporter-output>
  </reporter-output>
  <suite started-at="2024-02-06T12:21:24 IST" name="Default suite" finished-at="2024-02-06T12:21:24 IST" duration-ms="72">
    <groups>
    </groups>
    <test started-at="2024-02-06T12:21:24 IST" name="Default test" finished-at="2024-02-06T12:21:24 IST" duration-ms="72">
      <class name="PS1">
        <test-method is-config="true" signature="usePS()[pri:0, instance:PS1@1613674b]" started-at="2024-02-06T12:21:24 IST" name="usePS" finished-at="2024-02-06T12:21:24 IST" duration-ms="5" status="PASS">
          <reporter-output>
          </reporter-output>
        </test-method> <!-- usePS -->
        <test-method signature="childAction()[pri:0, instance:PS1@1613674b]" started-at="2024-02-06T12:21:24 IST" name="childAction" finished-at="2024-02-06T12:21:24 IST" duration-ms="9" status="PASS">
          <reporter-output>
          </reporter-output>
        </test-method> <!-- childAction -->
      </class> <!-- PS1 -->
    </test> <!-- Default test -->
  </suite> <!-- Default suite -->
</testng-results>
